Using pre-set license
Built from '2020.3/staging' branch; Version is '2020.3.25f1 (9b9180224418) revision 10195328'; Using compiler version '192528614'; Build Type 'Release'
OS: 'Windows 11  (10.0.22000) 64bit Core' Language: 'en' Physical Memory: 16259 MB
BatchMode: 1, IsHumanControllingUs: 0, StartBugReporterOnCrash: 0, Is64bit: 1, IsPro: 0

COMMAND LINE ARGUMENTS:
C:\Program Files\Unity\2020.3.25f1\Editor\Unity.exe
-adb2
-batchMode
-noUpm
-name
AssetImportWorker0
-projectPath
C:/Users/denie/OneDrive/Documents/GitHub/Remember/HeartofHampstead
-logFile
Logs/AssetImportWorker0.log
-srvPort
57870
Successfully changed project path to: C:/Users/denie/OneDrive/Documents/GitHub/Remember/HeartofHampstead
C:/Users/denie/OneDrive/Documents/GitHub/Remember/HeartofHampstead
Using Asset Import Pipeline V2.
Refreshing native plugins compatible for Editor in 57.03 ms, found 2 plugins.
Preloading 0 native plugins for Editor in 0.00 ms.
Initialize engine version: 2020.3.25f1 (9b9180224418)
[Subsystems] Discovering subsystems at path C:/Program Files/Unity/2020.3.25f1/Editor/Data/Resources/UnitySubsystems
[Subsystems] Discovering subsystems at path C:/Users/denie/OneDrive/Documents/GitHub/Remember/HeartofHampstead/Assets
GfxDevice: creating device client; threaded=0
Direct3D:
    Version:  Direct3D 11.0 [level 11.1]
    Renderer: NVIDIA GeForce RTX 2060 (ID=0x1f11)
    Vendor:   
    VRAM:     5980 MB
    Driver:   30.0.14.9709
Initialize mono
Mono path[0] = 'C:/Program Files/Unity/2020.3.25f1/Editor/Data/Managed'
Mono path[1] = 'C:/Program Files/Unity/2020.3.25f1/Editor/Data/MonoBleedingEdge/lib/mono/unityjit'
Mono config path = 'C:/Program Files/Unity/2020.3.25f1/Editor/Data/MonoBleedingEdge/etc'
Using monoOptions --debugger-agent=transport=dt_socket,embedding=1,server=y,suspend=n,address=127.0.0.1:56000
Begin MonoManager ReloadAssembly
Registering precompiled unity dll's ...
Register platform support module: C:/Program Files/Unity/2020.3.25f1/Editor/Data/PlaybackEngines/WindowsStandaloneSupport/UnityEditor.WindowsStandalone.Extensions.dll
Registered in 0.001524 seconds.
Native extension for WindowsStandalone target not found
Refreshing native plugins compatible for Editor in 47.22 ms, found 2 plugins.
Preloading 0 native plugins for Editor in 0.00 ms.
Mono: successfully reloaded assembly
- Completed reload, in  0.803 seconds
Domain Reload Profiling:
	ReloadAssembly (804ms)
		BeginReloadAssembly (72ms)
			ExecutionOrderSort (0ms)
			DisableScriptedObjects (0ms)
			BackupInstance (0ms)
			ReleaseScriptingObjects (0ms)
			CreateAndSetChildDomain (1ms)
		EndReloadAssembly (634ms)
			LoadAssemblies (70ms)
			RebuildTransferFunctionScriptingTraits (0ms)
			SetupTypeCache (246ms)
			ReleaseScriptCaches (0ms)
			RebuildScriptCaches (41ms)
			SetupLoadedEditorAssemblies (205ms)
				LogAssemblyErrors (0ms)
				InitializePlatformSupportModulesInManaged (5ms)
				SetLoadedEditorAssemblies (0ms)
				RefreshPlugins (47ms)
				BeforeProcessingInitializeOnLoad (20ms)
				ProcessInitializeOnLoadAttributes (98ms)
				ProcessInitializeOnLoadMethodAttributes (34ms)
				AfterProcessingInitializeOnLoad (0ms)
				EditorAssembliesLoaded (0ms)
			ExecutionOrderSort2 (0ms)
			AwakeInstancesAfterBackupRestoration (0ms)
Platform modules already initialized, skipping
Registering precompiled user dll's ...
Registered in 0.007737 seconds.
Begin MonoManager ReloadAssembly
Native extension for WindowsStandalone target not found
Refreshing native plugins compatible for Editor in 52.76 ms, found 2 plugins.
Preloading 0 native plugins for Editor in 0.00 ms.
Mono: successfully reloaded assembly
- Completed reload, in  1.486 seconds
Domain Reload Profiling:
	ReloadAssembly (1487ms)
		BeginReloadAssembly (186ms)
			ExecutionOrderSort (0ms)
			DisableScriptedObjects (6ms)
			BackupInstance (0ms)
			ReleaseScriptingObjects (0ms)
			CreateAndSetChildDomain (28ms)
		EndReloadAssembly (1225ms)
			LoadAssemblies (107ms)
			RebuildTransferFunctionScriptingTraits (0ms)
			SetupTypeCache (380ms)
			ReleaseScriptCaches (0ms)
			RebuildScriptCaches (57ms)
			SetupLoadedEditorAssemblies (516ms)
				LogAssemblyErrors (0ms)
				InitializePlatformSupportModulesInManaged (4ms)
				SetLoadedEditorAssemblies (0ms)
				RefreshPlugins (53ms)
				BeforeProcessingInitializeOnLoad (99ms)
				ProcessInitializeOnLoadAttributes (333ms)
				ProcessInitializeOnLoadMethodAttributes (21ms)
				AfterProcessingInitializeOnLoad (6ms)
				EditorAssembliesLoaded (0ms)
			ExecutionOrderSort2 (0ms)
			AwakeInstancesAfterBackupRestoration (7ms)
Platform modules already initialized, skipping
========================================================================
Worker process is ready to serve import requests
Launched and connected shader compiler UnityShaderCompiler.exe after 0.09 seconds
Refreshing native plugins compatible for Editor in 0.66 ms, found 2 plugins.
Preloading 0 native plugins for Editor in 0.00 ms.
Unloading 2015 Unused Serialized files (Serialized files now loaded: 0)
System memory in use before: 102.2 MB.
System memory in use after: 102.3 MB.

Unloading 23 unused Assets to reduce memory usage. Loaded Objects now: 2468.
Total: 3.523700 ms (FindLiveObjects: 0.215300 ms CreateObjectMapping: 0.163300 ms MarkObjects: 3.025500 ms  DeleteObjects: 0.118300 ms)

AssetImportParameters requested are different than current active one (requested -> active):
  custom:framework-win-MediaFoundation: 216162199b28c13a410421893ffa2e32 -> 
  custom:video-decoder-ogg-theora: a1e56fd34408186e4bbccfd4996cb3dc -> 
  custom:container-muxer-webm: aa71ff27fc2769a1b78a27578f13a17b -> 
  custom:container-demuxer-webm: 4f35f7cbe854078d1ac9338744f61a02 -> 
  custom:container-demuxer-ogg: 62fdf1f143b41e24485cea50d1cbac27 -> 
  custom:video-encoder-webm-vp8: eb34c28f22e8b96e1ab97ce403110664 -> 
  custom:video-codec-MediaFoundation-h265: 746d11721c4dcdbdad8f713fa42b33f4 -> 
  custom:video-decoder-webm-vp8: 9c59270c3fd7afecdb556c50c9e8de78 -> 
  custom:audio-decoder-ogg-vorbis: bf7c407c2cedff20999df2af8eb42d56 -> 
  custom:audio-encoder-webm-vorbis: bf7c407c2cedff20999df2af8eb42d56 -> 
========================================================================
Received Import Request.
  path: Assets/Environment/Village/sign.png
  artifactKey: Guid(f04ed1d1ae62e2b48aeddef63f9cae88) Importer(815301076,1909f56bfc062723c751e8b465ee728b)
Start importing Assets/Environment/Village/sign.png using Guid(f04ed1d1ae62e2b48aeddef63f9cae88) Importer(815301076,1909f56bfc062723c751e8b465ee728b)  -> (artifact id: '3011b5c3dfe12dc79534a0bae630ffe3') in 0.145489 seconds 
  Import took 0.151714 seconds .

========================================================================
Received Import Request.
  Time since last request: 0.000370 seconds.
  path: Assets/Environment/Village/sign.fbx
  artifactKey: Guid(b3530247786255c4cb0ac35afc9bb23a) Importer(815301076,1909f56bfc062723c751e8b465ee728b)
Start importing Assets/Environment/Village/sign.fbx using Guid(b3530247786255c4cb0ac35afc9bb23a) Importer(815301076,1909f56bfc062723c751e8b465ee728b)  -> (artifact id: '52d7ee206f7d81f95f1eb7a26bb5b7c3') in 0.206082 seconds 
  Import took 0.214015 seconds .

========================================================================
Received Import Request.
  Time since last request: 4.975935 seconds.
  path: Assets/Environment/Village/sign.fbx
  artifactKey: Guid(b3530247786255c4cb0ac35afc9bb23a) Importer(815301076,1909f56bfc062723c751e8b465ee728b)
Start importing Assets/Environment/Village/sign.fbx using Guid(b3530247786255c4cb0ac35afc9bb23a) Importer(815301076,1909f56bfc062723c751e8b465ee728b)  -> (artifact id: 'c77a45ddfd44d60677a9c0804b0d76c4') in 0.039140 seconds 
  Import took 0.046669 seconds .

========================================================================
Received Prepare
Registering precompiled user dll's ...
Registered in 0.005994 seconds.
Begin MonoManager ReloadAssembly
Native extension for WindowsStandalone target not found
Refreshing native plugins compatible for Editor in 0.40 ms, found 2 plugins.
Preloading 0 native plugins for Editor in 0.00 ms.
Mono: successfully reloaded assembly
- Completed reload, in  1.382 seconds
Domain Reload Profiling:
	ReloadAssembly (1383ms)
		BeginReloadAssembly (148ms)
			ExecutionOrderSort (0ms)
			DisableScriptedObjects (5ms)
			BackupInstance (0ms)
			ReleaseScriptingObjects (0ms)
			CreateAndSetChildDomain (47ms)
		EndReloadAssembly (1162ms)
			LoadAssemblies (100ms)
			RebuildTransferFunctionScriptingTraits (0ms)
			SetupTypeCache (368ms)
			ReleaseScriptCaches (1ms)
			RebuildScriptCaches (49ms)
			SetupLoadedEditorAssemblies (491ms)
				LogAssemblyErrors (0ms)
				InitializePlatformSupportModulesInManaged (4ms)
				SetLoadedEditorAssemblies (1ms)
				RefreshPlugins (0ms)
				BeforeProcessingInitializeOnLoad (109ms)
				ProcessInitializeOnLoadAttributes (356ms)
				ProcessInitializeOnLoadMethodAttributes (13ms)
				AfterProcessingInitializeOnLoad (6ms)
				EditorAssembliesLoaded (0ms)
			ExecutionOrderSort2 (0ms)
			AwakeInstancesAfterBackupRestoration (8ms)
Platform modules already initialized, skipping
Refreshing native plugins compatible for Editor in 0.52 ms, found 2 plugins.
Preloading 0 native plugins for Editor in 0.00 ms.
Unloading 1993 Unused Serialized files (Serialized files now loaded: 0)
System memory in use before: 104.0 MB.
System memory in use after: 104.1 MB.

Unloading 16 unused Assets to reduce memory usage. Loaded Objects now: 2514.
Total: 3.499200 ms (FindLiveObjects: 0.222000 ms CreateObjectMapping: 0.107500 ms MarkObjects: 3.148800 ms  DeleteObjects: 0.019500 ms)

AssetImportParameters requested are different than current active one (requested -> active):
  custom:framework-win-MediaFoundation: 216162199b28c13a410421893ffa2e32 -> 
  custom:video-decoder-ogg-theora: a1e56fd34408186e4bbccfd4996cb3dc -> 
  custom:container-muxer-webm: aa71ff27fc2769a1b78a27578f13a17b -> 
  custom:container-demuxer-webm: 4f35f7cbe854078d1ac9338744f61a02 -> 
  custom:container-demuxer-ogg: 62fdf1f143b41e24485cea50d1cbac27 -> 
  custom:video-encoder-webm-vp8: eb34c28f22e8b96e1ab97ce403110664 -> 
  custom:video-codec-MediaFoundation-h265: 746d11721c4dcdbdad8f713fa42b33f4 -> 
  custom:video-decoder-webm-vp8: 9c59270c3fd7afecdb556c50c9e8de78 -> 
  custom:audio-decoder-ogg-vorbis: bf7c407c2cedff20999df2af8eb42d56 -> 
  custom:audio-encoder-webm-vorbis: bf7c407c2cedff20999df2af8eb42d56 -> 
========================================================================
Received Prepare
Registering precompiled user dll's ...
Registered in 0.006915 seconds.
Begin MonoManager ReloadAssembly
Native extension for WindowsStandalone target not found
Refreshing native plugins compatible for Editor in 0.43 ms, found 2 plugins.
Preloading 0 native plugins for Editor in 0.00 ms.
Mono: successfully reloaded assembly
- Completed reload, in  1.470 seconds
Domain Reload Profiling:
	ReloadAssembly (1471ms)
		BeginReloadAssembly (158ms)
			ExecutionOrderSort (0ms)
			DisableScriptedObjects (8ms)
			BackupInstance (0ms)
			ReleaseScriptingObjects (0ms)
			CreateAndSetChildDomain (50ms)
		EndReloadAssembly (1218ms)
			LoadAssemblies (130ms)
			RebuildTransferFunctionScriptingTraits (0ms)
			SetupTypeCache (417ms)
			ReleaseScriptCaches (2ms)
			RebuildScriptCaches (64ms)
			SetupLoadedEditorAssemblies (453ms)
				LogAssemblyErrors (0ms)
				InitializePlatformSupportModulesInManaged (4ms)
				SetLoadedEditorAssemblies (1ms)
				RefreshPlugins (0ms)
				BeforeProcessingInitializeOnLoad (83ms)
				ProcessInitializeOnLoadAttributes (342ms)
				ProcessInitializeOnLoadMethodAttributes (15ms)
				AfterProcessingInitializeOnLoad (8ms)
				EditorAssembliesLoaded (0ms)
			ExecutionOrderSort2 (0ms)
			AwakeInstancesAfterBackupRestoration (10ms)
Platform modules already initialized, skipping
Refreshing native plugins compatible for Editor in 0.62 ms, found 2 plugins.
Preloading 0 native plugins for Editor in 0.00 ms.
Unloading 1993 Unused Serialized files (Serialized files now loaded: 0)
System memory in use before: 104.0 MB.
System memory in use after: 104.2 MB.

Unloading 16 unused Assets to reduce memory usage. Loaded Objects now: 2516.
Total: 3.998600 ms (FindLiveObjects: 0.333900 ms CreateObjectMapping: 0.150800 ms MarkObjects: 3.471500 ms  DeleteObjects: 0.041100 ms)

AssetImportParameters requested are different than current active one (requested -> active):
  custom:framework-win-MediaFoundation: 216162199b28c13a410421893ffa2e32 -> 
  custom:video-decoder-ogg-theora: a1e56fd34408186e4bbccfd4996cb3dc -> 
  custom:container-muxer-webm: aa71ff27fc2769a1b78a27578f13a17b -> 
  custom:container-demuxer-webm: 4f35f7cbe854078d1ac9338744f61a02 -> 
  custom:container-demuxer-ogg: 62fdf1f143b41e24485cea50d1cbac27 -> 
  custom:video-encoder-webm-vp8: eb34c28f22e8b96e1ab97ce403110664 -> 
  custom:video-codec-MediaFoundation-h265: 746d11721c4dcdbdad8f713fa42b33f4 -> 
  custom:video-decoder-webm-vp8: 9c59270c3fd7afecdb556c50c9e8de78 -> 
  custom:audio-decoder-ogg-vorbis: bf7c407c2cedff20999df2af8eb42d56 -> 
  custom:audio-encoder-webm-vorbis: bf7c407c2cedff20999df2af8eb42d56 -> 
========================================================================
Received Import Request.
  Time since last request: 500.292457 seconds.
  path: Assets/Environment/Forest/log.fbx
  artifactKey: Guid(b0642cb3488a49044beb12f64a06ab49) Importer(815301076,1909f56bfc062723c751e8b465ee728b)
Start importing Assets/Environment/Forest/log.fbx using Guid(b0642cb3488a49044beb12f64a06ab49) Importer(815301076,1909f56bfc062723c751e8b465ee728b)  -> (artifact id: '1d187666c38a8525cce40bd0a46f2f8b') in 0.158226 seconds 
  Import took 0.166363 seconds .

========================================================================
Received Import Request.
  Time since last request: 0.000366 seconds.
  path: Assets/Environment/Forest/trunk.fbx
  artifactKey: Guid(516aa0c4ab3fb144b8f6240ec9d07755) Importer(815301076,1909f56bfc062723c751e8b465ee728b)
Start importing Assets/Environment/Forest/trunk.fbx using Guid(516aa0c4ab3fb144b8f6240ec9d07755) Importer(815301076,1909f56bfc062723c751e8b465ee728b)  -> (artifact id: '03b785f48eda2cc9314ee25bd673b46c') in 0.037726 seconds 
  Import took 0.044653 seconds .

========================================================================
Received Import Request.
  Time since last request: 0.000334 seconds.
  path: Assets/Environment/Forest/paper.fbx
  artifactKey: Guid(f9117291161465340bf1a6e583383dd2) Importer(815301076,1909f56bfc062723c751e8b465ee728b)
Start importing Assets/Environment/Forest/paper.fbx using Guid(f9117291161465340bf1a6e583383dd2) Importer(815301076,1909f56bfc062723c751e8b465ee728b)  -> (artifact id: 'd85ce9fc4d36aed9f127765449600d29') in 0.036556 seconds 
  Import took 0.043507 seconds .

========================================================================
Received Import Request.
  Time since last request: 0.000333 seconds.
  path: Assets/Environment/Forest/shroomGroup.fbx
  artifactKey: Guid(660ef23e8fac8ec488a317e941f07386) Importer(815301076,1909f56bfc062723c751e8b465ee728b)
Start importing Assets/Environment/Forest/shroomGroup.fbx using Guid(660ef23e8fac8ec488a317e941f07386) Importer(815301076,1909f56bfc062723c751e8b465ee728b)  -> (artifact id: 'a24faae67ddec50d46b5f0a66f2ed813') in 0.040269 seconds 
  Import took 0.047368 seconds .

========================================================================
Received Import Request.
  Time since last request: 0.000446 seconds.
  path: Assets/Environment/Forest/rock2.fbx
  artifactKey: Guid(57f1b8a235521c34bb63f7f41fc5fdd3) Importer(815301076,1909f56bfc062723c751e8b465ee728b)
Start importing Assets/Environment/Forest/rock2.fbx using Guid(57f1b8a235521c34bb63f7f41fc5fdd3) Importer(815301076,1909f56bfc062723c751e8b465ee728b)  -> (artifact id: '88150d47f2586714ee14f6db8f211ee1') in 0.039806 seconds 
  Import took 0.046686 seconds .

========================================================================
Received Import Request.
  Time since last request: 0.000385 seconds.
  path: Assets/Environment/Forest/shroom.fbx
  artifactKey: Guid(d57bdc025a706fa40b51800dced58fab) Importer(815301076,1909f56bfc062723c751e8b465ee728b)
Start importing Assets/Environment/Forest/shroom.fbx using Guid(d57bdc025a706fa40b51800dced58fab) Importer(815301076,1909f56bfc062723c751e8b465ee728b)  -> (artifact id: '0da4ba4da88b51fed1c395790c2ddc97') in 0.038494 seconds 
  Import took 0.046198 seconds .

========================================================================
Received Import Request.
  Time since last request: 0.000548 seconds.
  path: Assets/Environment/Forest/rock1.fbx
  artifactKey: Guid(935d15a6ad1a2c249b439fd68d600d06) Importer(815301076,1909f56bfc062723c751e8b465ee728b)
Start importing Assets/Environment/Forest/rock1.fbx using Guid(935d15a6ad1a2c249b439fd68d600d06) Importer(815301076,1909f56bfc062723c751e8b465ee728b)  -> (artifact id: '9c85fd0db2147c5d1922145126dbf578') in 0.034891 seconds 
  Import took 0.042356 seconds .

AssetImportWorkerClient::OnTransportError - code=2 error=End of file
